<?xml version="1.0" encoding="UTF-8"?>
<testng-results skipped="0" failed="0" ignored="0" total="1" passed="1">
  <reporter-output>
  </reporter-output>
  <suite name="Default suite" duration-ms="16837" started-at="2019-08-21T20:47:07Z" finished-at="2019-08-21T20:47:24Z">
    <groups>
    </groups>
    <test name="Default test" duration-ms="16837" started-at="2019-08-21T20:47:07Z" finished-at="2019-08-21T20:47:24Z">
      <class name="Runner.DefaultRunner">
        <test-method status="PASS" signature="SetUpClass()[pri:0, instance:Runner.DefaultRunner@49993335]" name="SetUpClass" is-config="true" duration-ms="182" started-at="2019-08-21T20:47:07Z" finished-at="2019-08-21T20:47:07Z">
          <reporter-output>
          </reporter-output>
        </test-method> <!-- SetUpClass -->
        <test-method status="PASS" signature="feature(cucumber.api.testng.PickleEventWrapper, cucumber.api.testng.CucumberFeatureWrapper)[pri:0, instance:Runner.DefaultRunner@49993335]" name="feature" duration-ms="16553" started-at="2019-08-21T20:47:07Z" data-provider="features" finished-at="2019-08-21T20:47:24Z">
          <params>
            <param index="0">
              <value>
                <![CDATA["Valid user and Password"]]>
              </value>
            </param>
            <param index="1">
              <value>
                <![CDATA["user Login into the Global App"]]>
              </value>
            </param>
          </params>
          <reporter-output>
          </reporter-output>
        </test-method> <!-- feature -->
        <test-method status="PASS" signature="teardown()[pri:0, instance:Runner.DefaultRunner@49993335]" name="teardown" is-config="true" duration-ms="39" started-at="2019-08-21T20:47:24Z" finished-at="2019-08-21T20:47:24Z">
          <reporter-output>
          </reporter-output>
        </test-method> <!-- teardown -->
      </class> <!-- Runner.DefaultRunner -->
    </test> <!-- Default test -->
  </suite> <!-- Default suite -->
</testng-results>
